Determining if the pthread_create exist failed with the following output:
Change Dir: /home/agx/SLAM相关程序/LIO-SAM_rslidar22/catkin_ws/src/rs_to_velodyne/build/CMakeFiles/CMakeTmp

Run Build Command:"/usr/bin/make" "cmTC_a2ab0/fast"
/usr/bin/make -f CMakeFiles/cmTC_a2ab0.dir/build.make CMakeFiles/cmTC_a2ab0.dir/build
make[1]: Entering directory '/home/agx/SLAM相关程序/LIO-SAM_rslidar22/catkin_ws/src/rs_to_velodyne/build/CMakeFiles/CMakeTmp'
Building C object CMakeFiles/cmTC_a2ab0.dir/CheckSymbolExists.c.o
/usr/bin/cc    -o CMakeFiles/cmTC_a2ab0.dir/CheckSymbolExists.c.o   -c /home/agx/SLAM相关程序/LIO-SAM_rslidar22/catkin_ws/src/rs_to_velodyne/build/CMakeFiles/CMakeTmp/CheckSymbolExists.c
Linking C executable cmTC_a2ab0
/usr/bin/cmake -E cmake_link_script CMakeFiles/cmTC_a2ab0.dir/link.txt --verbose=1
/usr/bin/cc      -rdynamic CMakeFiles/cmTC_a2ab0.dir/CheckSymbolExists.c.o  -o cmTC_a2ab0 
CMakeFiles/cmTC_a2ab0.dir/CheckSymbolExists.c.o: In function `main':
CheckSymbolExists.c:(.text+0x14): undefined reference to `pthread_create'
CheckSymbolExists.c:(.text+0x18): undefined reference to `pthread_create'
collect2: error: ld returned 1 exit status
CMakeFiles/cmTC_a2ab0.dir/build.make:97: recipe for target 'cmTC_a2ab0' failed
make[1]: *** [cmTC_a2ab0] Error 1
make[1]: Leaving directory '/home/agx/SLAM相关程序/LIO-SAM_rslidar22/catkin_ws/src/rs_to_velodyne/build/CMakeFiles/CMakeTmp'
Makefile:126: recipe for target 'cmTC_a2ab0/fast' failed
make: *** [cmTC_a2ab0/fast] Error 2

File /home/agx/SLAM相关程序/LIO-SAM_rslidar22/catkin_ws/src/rs_to_velodyne/build/CMakeFiles/CMakeTmp/CheckSymbolExists.c:
/* */
#include <pthread.h>

int main(int argc, char** argv)
{
  (void)argv;
#ifndef pthread_create
  return ((int*)(&pthread_create))[argc];
#else
  (void)argc;
  return 0;
#endif
}

Determining if the function pthread_create exists in the pthreads failed with the following output:
Change Dir: /home/agx/SLAM相关程序/LIO-SAM_rslidar22/catkin_ws/src/rs_to_velodyne/build/CMakeFiles/CMakeTmp

Run Build Command:"/usr/bin/make" "cmTC_d3d7d/fast"
/usr/bin/make -f CMakeFiles/cmTC_d3d7d.dir/build.make CMakeFiles/cmTC_d3d7d.dir/build
make[1]: Entering directory '/home/agx/SLAM相关程序/LIO-SAM_rslidar22/catkin_ws/src/rs_to_velodyne/build/CMakeFiles/CMakeTmp'
Building C object CMakeFiles/cmTC_d3d7d.dir/CheckFunctionExists.c.o
/usr/bin/cc   -DCHECK_FUNCTION_EXISTS=pthread_create   -o CMakeFiles/cmTC_d3d7d.dir/CheckFunctionExists.c.o   -c /usr/share/cmake-3.10/Modules/CheckFunctionExists.c
Linking C executable cmTC_d3d7d
/usr/bin/cmake -E cmake_link_script CMakeFiles/cmTC_d3d7d.dir/link.txt --verbose=1
/usr/bin/cc  -DCHECK_FUNCTION_EXISTS=pthread_create    -rdynamic CMakeFiles/cmTC_d3d7d.dir/CheckFunctionExists.c.o  -o cmTC_d3d7d -lpthreads 
/usr/bin/ld: cannot find -lpthreads
collect2: error: ld returned 1 exit status
CMakeFiles/cmTC_d3d7d.dir/build.make:97: recipe for target 'cmTC_d3d7d' failed
make[1]: *** [cmTC_d3d7d] Error 1
make[1]: Leaving directory '/home/agx/SLAM相关程序/LIO-SAM_rslidar22/catkin_ws/src/rs_to_velodyne/build/CMakeFiles/CMakeTmp'
Makefile:126: recipe for target 'cmTC_d3d7d/fast' failed
make: *** [cmTC_d3d7d/fast] Error 2


